<?xml version="1.0" encoding="UTF-8"?>
<!-- Generated by org.testng.reporters.JUnitXMLReporter -->
<testsuite ignored="0" hostname="DESKTOP-N34M6TB" failures="0" tests="3" name="Default test" time="31.755" errors="0" timestamp="14 Aug 2022 10:30:30 GMT">
  <testcase classname="weTestNG.HomePageTest" name="Test1" time="8.016"/>
  <testcase classname="weTestNG.SimplilearnLoginTest" name="NegativeTest" time="7.252"/>
  <testcase classname="weTestNG.SimplilearnLoginTest" name="PositiveTest" time="7.437"/>
</testsuite> <!-- Default test -->
