<?xml version="1.0" encoding="UTF-8"?>
<!-- Generated by org.testng.reporters.JUnitXMLReporter -->
<testsuite ignored="0" hostname="DESKTOP-N34M6TB" failures="0" tests="3" name="Test" time="30.57" errors="0" timestamp="14 Aug 2022 10:50:23 GMT">
  <testcase classname="wdTestNG.SimplilearnLoginTest" name="NegativeTest" time="7.914"/>
  <testcase classname="wdTestNG.SimplilearnLoginTest" name="PositiveTest" time="7.762"/>
  <testcase classname="wdTestNG.HomePageTest" name="Test1" time="7.589"/>
</testsuite> <!-- Test -->
