<?xml version="1.0" encoding="UTF-8"?>
<!-- Generated by org.testng.reporters.JUnitXMLReporter -->
<testsuite ignored="0" hostname="DESKTOP-N34M6TB" failures="0" tests="3" name="Test" time="41.532" errors="0" timestamp="16 Aug 2022 12:28:07 GMT">
  <testcase classname="wdTestNG.SimplilearnLoginTest" name="NegativeTest" time="10.496"/>
  <testcase classname="wdTestNG.SimplilearnLoginTest" name="PositiveTest" time="9.687"/>
  <testcase classname="wdTestNG.HomePageTest" name="Test1" time="10.702"/>
</testsuite> <!-- Test -->
