<?xml version="1.0" encoding="UTF-8"?>
<testng-results ignored="0" total="3" passed="3" failed="0" skipped="0">
  <reporter-output>
  </reporter-output>
  <suite started-at="2022-08-14T10:49:53Z" name="Suite" finished-at="2022-08-14T10:50:23Z" duration-ms="30570">
    <groups>
    </groups>
    <test started-at="2022-08-14T10:49:53Z" name="Test" finished-at="2022-08-14T10:50:23Z" duration-ms="30570">
      <class name="wdTestNG.HomePageTest">
        <test-method is-config="true" signature="SetUp()[pri:0, instance:wdTestNG.HomePageTest@4f74980d]" started-at="2022-08-14T10:50:13Z" name="SetUp" finished-at="2022-08-14T10:50:15Z" duration-ms="1939" status="PASS">
          <reporter-output>
          </reporter-output>
        </test-method> <!-- SetUp -->
        <test-method signature="Test1()[pri:0, instance:wdTestNG.HomePageTest@4f74980d]" started-at="2022-08-14T10:50:15Z" name="Test1" finished-at="2022-08-14T10:50:23Z" duration-ms="7589" status="PASS">
          <reporter-output>
          </reporter-output>
        </test-method> <!-- Test1 -->
        <test-method is-config="true" signature="TearDown()[pri:0, instance:wdTestNG.HomePageTest@4f74980d]" started-at="2022-08-14T10:50:23Z" name="TearDown" finished-at="2022-08-14T10:50:23Z" duration-ms="82" status="PASS">
          <reporter-output>
          </reporter-output>
        </test-method> <!-- TearDown -->
      </class> <!-- wdTestNG.HomePageTest -->
      <class name="wdTestNG.SimplilearnLoginTest">
        <test-method is-config="true" signature="SetUp()[pri:0, instance:wdTestNG.SimplilearnLoginTest@68034211]" started-at="2022-08-14T10:49:53Z" name="SetUp" finished-at="2022-08-14T10:49:55Z" duration-ms="2561" status="PASS">
          <reporter-output>
          </reporter-output>
        </test-method> <!-- SetUp -->
        <test-method signature="NegativeTest()[pri:0, instance:wdTestNG.SimplilearnLoginTest@68034211]" started-at="2022-08-14T10:49:55Z" name="NegativeTest" finished-at="2022-08-14T10:50:03Z" duration-ms="7914" status="PASS">
          <reporter-output>
          </reporter-output>
        </test-method> <!-- NegativeTest -->
        <test-method is-config="true" signature="TearDown()[pri:0, instance:wdTestNG.SimplilearnLoginTest@68034211]" started-at="2022-08-14T10:50:03Z" name="TearDown" finished-at="2022-08-14T10:50:03Z" duration-ms="113" status="PASS">
          <reporter-output>
          </reporter-output>
        </test-method> <!-- TearDown -->
        <test-method is-config="true" signature="SetUp()[pri:0, instance:wdTestNG.SimplilearnLoginTest@68034211]" started-at="2022-08-14T10:50:03Z" name="SetUp" finished-at="2022-08-14T10:50:06Z" duration-ms="2479" status="PASS">
          <reporter-output>
          </reporter-output>
        </test-method> <!-- SetUp -->
        <test-method signature="PositiveTest()[pri:0, instance:wdTestNG.SimplilearnLoginTest@68034211]" started-at="2022-08-14T10:50:06Z" name="PositiveTest" finished-at="2022-08-14T10:50:13Z" duration-ms="7762" status="PASS">
          <reporter-output>
          </reporter-output>
        </test-method> <!-- PositiveTest -->
        <test-method is-config="true" signature="TearDown()[pri:0, instance:wdTestNG.SimplilearnLoginTest@68034211]" started-at="2022-08-14T10:50:13Z" name="TearDown" finished-at="2022-08-14T10:50:13Z" duration-ms="97" status="PASS">
          <reporter-output>
          </reporter-output>
        </test-method> <!-- TearDown -->
      </class> <!-- wdTestNG.SimplilearnLoginTest -->
    </test> <!-- Test -->
  </suite> <!-- Suite -->
</testng-results>
